[0m18:41:20.489596 [debug] [MainThread]: Sending event: {'category': 'dbt', 'action': 'invocation', 'label': 'start', 'context': [<snowplow_tracker.self_describing_json.SelfDescribingJson object at 0x7ede0cc815e0>, <snowplow_tracker.self_describing_json.SelfDescribingJson object at 0x7ede0cccc530>, <snowplow_tracker.self_describing_json.SelfDescribingJson object at 0x7ede0a596870>]}


============================== 18:41:20.507394 | 31492299-f9eb-4500-8800-d3cefdd16f8f ==============================
[0m18:41:20.507394 [info ] [MainThread]: Running with dbt=1.10.2
[0m18:41:20.507716 [debug] [MainThread]: running dbt with arguments {'printer_width': '80', 'indirect_selection': 'eager', 'log_cache_events': 'False', 'write_json': 'True', 'partial_parse': 'True', 'cache_selected_only': 'False', 'profiles_dir': '/home/datata1/.dbt', 'version_check': 'True', 'debug': 'False', 'log_path': 'logs', 'fail_fast': 'False', 'warn_error': 'None', 'use_colors': 'True', 'use_experimental_parser': 'False', 'no_print': 'None', 'quiet': 'False', 'empty': 'None', 'warn_error_options': 'WarnErrorOptionsV2(error=[], warn=[], silence=[])', 'invocation_command': 'dbt init dbt_setup', 'introspect': 'True', 'log_format': 'default', 'target_path': 'None', 'static_parser': 'True', 'send_anonymous_usage_stats': 'True'}
[0m18:41:20.531529 [debug] [MainThread]: Starter project path: /home/datata1/Documents/dabi2-vorbereitung/.venv/lib/python3.12/site-packages/dbt/include/starter_project
[0m18:41:20.532489 [info ] [MainThread]: 
Your new dbt project "dbt_setup" was created!

For more information on how to configure the profiles.yml file,
please consult the dbt documentation here:

  https://docs.getdbt.com/docs/configure-your-profile

One more thing:

Need help? Don't hesitate to reach out to us via GitHub issues or on Slack:

  https://community.getdbt.com/

Happy modeling!

[0m18:41:20.532712 [info ] [MainThread]: Setting up your profile.
[0m18:41:30.083703 [debug] [MainThread]: Resource report: {"command_name": "init", "command_success": true, "command_wall_clock_time": 9.630315, "process_in_blocks": "1360", "process_kernel_time": 0.112724, "process_mem_max_rss": "126760", "process_out_blocks": "32064", "process_user_time": 1.503327}
[0m18:41:30.084047 [debug] [MainThread]: Command `dbt init` succeeded at 18:41:30.083987 after 9.63 seconds
[0m18:41:30.084299 [debug] [MainThread]: Sending event: {'category': 'dbt', 'action': 'invocation', 'label': 'end', 'context': [<snowplow_tracker.self_describing_json.SelfDescribingJson object at 0x7ede0aa33380>, <snowplow_tracker.self_describing_json.SelfDescribingJson object at 0x7ede0b146570>, <snowplow_tracker.self_describing_json.SelfDescribingJson object at 0x7ede0afaab40>]}
[0m18:41:30.084575 [debug] [MainThread]: Flushing usage events
[0m18:41:30.911413 [debug] [MainThread]: An error was encountered while trying to flush usage events
